#
# A fatal error has been detected by the Java Runtime Environment:
#
#  EXCEPTION_ACCESS_VIOLATION (0xc0000005) at pc=0x00007ff994396f3b, pid=30896, tid=18192
#
# JRE version: OpenJDK Runtime Environment (11.0+28) (build 11+28)
# Java VM: OpenJDK 64-Bit Server VM (11+28, mixed mode, tiered, compressed oops, g1 gc, windows-amd64)
# Problematic frame:
# C  [ntdll.dll+0xa6f3b]
#
# No core dump will be written. Minidumps are not enabled by default on client versions of Windows
#
# If you would like to submit a bug report, please visit:
#   http://bugreport.java.com/bugreport/crash.jsp
#

---------------  S U M M A R Y ------------

Command Line: -Dcom.sun.management.jmxremote -Dcom.sun.management.jmxremote.port=54972 -Dcom.sun.management.jmxremote.authenticate=false -Dcom.sun.management.jmxremote.ssl=false -Djava.rmi.server.hostname=localhost -Dspring.jmx.enabled=true -Dspring.liveBeansView.mbeanDomain -Dspring.application.admin.enabled=true -Xverify:none -XX:TieredStopAtLevel=1 -Dspring.boot.project.name=Recrip_Backend -Dfile.encoding=UTF-8 com.ssafy.recrip.main.EnjoyTripSpringApplication --spring.output.ansi.enabled=always

Host: Intel(R) Core(TM) i7-9700 CPU @ 3.00GHz, 8 cores, 15G,  Windows 10 , 64 bit Build 19041 (10.0.19041.3570)
Time: Mon Nov 20 13:44:17 2023 대한민국 표준시 elapsed time: 2 seconds (0d 0h 0m 2s)

---------------  T H R E A D  ---------------

Current thread (0x0000019e78eda800):  JavaThread "RMI TCP Connection(2)-127.0.0.1" daemon [_thread_in_vm, id=18192, stack(0x0000005419400000,0x0000005419500000)]

Stack: [0x0000005419400000,0x0000005419500000],  sp=0x00000054194f6f30,  free space=987k
Native frames: (J=compiled Java code, j=interpreted, Vv=VM code, C=native code)
C  [ntdll.dll+0xa6f3b]
C  [ntdll.dll+0x247b1]
C  [ucrtbase.dll+0xf05b]
V  [jvm.dll+0x538f4c]
V  [jvm.dll+0x538cc1]
V  [jvm.dll+0x70e90e]
V  [jvm.dll+0x70ee3a]
V  [jvm.dll+0x51aeb2]
V  [jvm.dll+0x51a0a2]
V  [jvm.dll+0x37a70c]
V  [jvm.dll+0x40ec64]
V  [jvm.dll+0x41c9eb]
C  0x0000019e5b31f0b7

Java frames: (J=compiled Java code, j=interpreted, Vv=VM code)
j  java.lang.Class.getDeclaredConstructors0(Z)[Ljava/lang/reflect/Constructor;+0 java.base@11
j  java.lang.Class.privateGetDeclaredConstructors(Z)[Ljava/lang/reflect/Constructor;+52 java.base@11
j  java.lang.Class.getConstructor0([Ljava/lang/Class;I)Ljava/lang/reflect/Constructor;+14 java.base@11
j  java.lang.Class.newInstance()Ljava/lang/Object;+52 java.base@11
j  jdk.internal.reflect.MethodAccessorGenerator$1.run()Ljdk/internal/reflect/MagicAccessorImpl;+24 java.base@11
j  jdk.internal.reflect.MethodAccessorGenerator$1.run()Ljava/lang/Object;+1 java.base@11
v  ~StubRoutines::call_stub
J 1059  java.security.AccessController.doPrivileged(Ljava/security/PrivilegedAction;)Ljava/lang/Object; java.base@11 (0 bytes) @ 0x0000019e5bbbe3a2 [0x0000019e5bbbe340+0x0000000000000062]
j  jdk.internal.reflect.MethodAccessorGenerator.generate(Ljava/lang/Class;Ljava/lang/String;[Ljava/lang/Class;Ljava/lang/Class;[Ljava/lang/Class;IZZLjava/lang/Class;)Ljdk/internal/reflect/MagicAccessorImpl;+755 java.base@11
j  jdk.internal.reflect.MethodAccessorGenerator.generateSerializationConstructor(Ljava/lang/Class;[Ljava/lang/Class;[Ljava/lang/Class;ILjava/lang/Class;)Ljdk/internal/reflect/SerializationConstructorAccessorImpl;+15 java.base@11
j  jdk.internal.reflect.ReflectionFactory.generateConstructor(Ljava/lang/Class;Ljava/lang/reflect/Constructor;)Ljava/lang/reflect/Constructor;+24 java.base@11
j  jdk.internal.reflect.ReflectionFactory.newConstructorForSerialization(Ljava/lang/Class;)Ljava/lang/reflect/Constructor;+90 java.base@11
j  java.io.ObjectStreamClass.getSerializableConstructor(Ljava/lang/Class;)Ljava/lang/reflect/Constructor;+4 java.base@11
j  java.io.ObjectStreamClass$2.run()Ljava/lang/Void;+169 java.base@11
j  java.io.ObjectStreamClass$2.run()Ljava/lang/Object;+1 java.base@11
v  ~StubRoutines::call_stub
J 1059  java.security.AccessController.doPrivileged(Ljava/security/PrivilegedAction;)Ljava/lang/Object; java.base@11 (0 bytes) @ 0x0000019e5bbbe3a2 [0x0000019e5bbbe340+0x0000000000000062]
j  java.io.ObjectStreamClass.<init>(Ljava/lang/Class;)V+103 java.base@11
j  java.io.ObjectStreamClass.lookup(Ljava/lang/Class;Z)Ljava/io/ObjectStreamClass;+211 java.base@11
j  java.io.ObjectStreamClass.initNonProxy(Ljava/io/ObjectStreamClass;Ljava/lang/Class;Ljava/lang/ClassNotFoundException;Ljava/io/ObjectStreamClass;)V+21 java.base@11
j  java.io.ObjectInputStream.readNonProxyDesc(Z)Ljava/io/ObjectStreamClass;+190 java.base@11
j  java.io.ObjectInputStream.readClassDesc(Z)Ljava/io/ObjectStreamClass;+86 java.base@11
j  java.io.ObjectInputStream.readOrdinaryObject(Z)Ljava/lang/Object;+22 java.base@11
j  java.io.ObjectInputStream.readObject0(Z)Ljava/lang/Object;+401 java.base@11
j  java.io.ObjectInputStream.readArray(Z)Ljava/lang/Object;+385 java.base@11
j  java.io.ObjectInputStream.readObject0(Z)Ljava/lang/Object;+335 java.base@11
j  java.io.ObjectInputStream.readObject()Ljava/lang/Object;+19 java.base@11
j  sun.rmi.transport.DGCImpl_Skel.dispatch(Ljava/rmi/Remote;Ljava/rmi/server/RemoteCall;IJ)V+198 java.rmi@11
j  sun.rmi.server.UnicastServerRef.oldDispatch(Ljava/rmi/Remote;Ljava/rmi/server/RemoteCall;I)V+100 java.rmi@11
j  sun.rmi.server.UnicastServerRef.dispatch(Ljava/rmi/Remote;Ljava/rmi/server/RemoteCall;)V+48 java.rmi@11
j  sun.rmi.transport.Transport$1.run()Ljava/lang/Void;+23 java.rmi@11
j  sun.rmi.transport.Transport$1.run()Ljava/lang/Object;+1 java.rmi@11
v  ~StubRoutines::call_stub
J 397  java.security.AccessController.doPrivileged(Ljava/security/PrivilegedExceptionAction;Ljava/security/AccessControlContext;)Ljava/lang/Object; java.base@11 (0 bytes) @ 0x0000019e5bad3cb6 [0x0000019e5bad3c40+0x0000000000000076]
j  sun.rmi.transport.Transport.serviceCall(Ljava/rmi/server/RemoteCall;)Z+157 java.rmi@11
j  sun.rmi.transport.tcp.TCPTransport.handleMessages(Lsun/rmi/transport/Connection;Z)V+145 java.rmi@11
j  sun.rmi.transport.tcp.TCPTransport$ConnectionHandler.run0()V+490 java.rmi@11
j  sun.rmi.transport.tcp.TCPTransport$ConnectionHandler.lambda$run$0()Ljava/lang/Void;+1 java.rmi@11
j  sun.rmi.transport.tcp.TCPTransport$ConnectionHandler$$Lambda$104.run()Ljava/lang/Object;+4 java.rmi@11
v  ~StubRoutines::call_stub
j  java.security.AccessController.doPrivileged(Ljava/security/PrivilegedAction;Ljava/security/AccessControlContext;)Ljava/lang/Object;+0 java.base@11
j  sun.rmi.transport.tcp.TCPTransport$ConnectionHandler.run()V+37 java.rmi@11
j  java.util.concurrent.ThreadPoolExecutor.runWorker(Ljava/util/concurrent/ThreadPoolExecutor$Worker;)V+92 java.base@11
j  java.util.concurrent.ThreadPoolExecutor$Worker.run()V+5 java.base@11
j  java.lang.Thread.run()V+11 java.base@11
v  ~StubRoutines::call_stub

siginfo: EXCEPTION_ACCESS_VIOLATION (0xc0000005), reading address 0x0000000c00000013


Register to memory mapping:

RIP=0x00007ff994396f3b ntdll.dll
RAX=0x0000019e78b19dd0 points into unknown readable memory
RBX=0x0000000c0000000b is an unknown value
RCX=0x0000000000005550 is an unknown value
RDX=0x0000019e78b1f330 points into unknown readable memory
RSP=0x00000054194f6f30 is pointing into the stack for thread: 0x0000019e78eda800
RBP=0x0 is NULL
RSI=0x0000019e51670000 points into unknown readable memory
RDI=0x0 is NULL
R8 =0x0000000047f4fcca is an unknown value
R9 =0x0 is NULL
R10=0x0000019e78b1f330 points into unknown readable memory
R11=0x0000019e78eca950 points into unknown readable memory
R12=0x0 is NULL
R13=0x0000019e78b1f330 points into unknown readable memory
R14=0x0000019e78b1f320 points into unknown readable memory
R15=0x0000000000000001 is an unknown value


Registers:
RAX=0x0000019e78b19dd0, RBX=0x0000000c0000000b, RCX=0x0000000000005550, RDX=0x0000019e78b1f330
RSP=0x00000054194f6f30, RBP=0x0000000000000000, RSI=0x0000019e51670000, RDI=0x0000000000000000
R8 =0x0000000047f4fcca, R9 =0x0000000000000000, R10=0x0000019e78b1f330, R11=0x0000019e78eca950
R12=0x0000000000000000, R13=0x0000019e78b1f330, R14=0x0000019e78b1f320, R15=0x0000000000000001
RIP=0x00007ff994396f3b, EFLAGS=0x0000000000010202

Top of Stack: (sp=0x00000054194f6f30)
0x00000054194f6f30:   0000000800001000 0000019e76fe0810
0x00000054194f6f40:   0000000000000030 0000000000000000
0x00000054194f6f50:   00000054194f7000 00007ff99225fde6
0x00000054194f6f60:   0000000c0000000b 0000000000000030
0x00000054194f6f70:   0000000000000030 0000000000000000
0x00000054194f6f80:   00000054194f7000 00007ff93d01dcfa
0x00000054194f6f90:   0000000000000030 0000000000000002
0x00000054194f6fa0:   0000019e78eca950 00007ff93d0f9a20
0x00000054194f6fb0:   0000000000000000 0000000000000002
0x00000054194f6fc0:   0000000000000005 0000019e76fe0810
0x00000054194f6fd0:   0000000800001000 0000019e76fe0810
0x00000054194f6fe0:   0000019e78b1f330 00007ff9943147b1
0x00000054194f6ff0:   0000019e78d54660 0000019e51670000
0x00000054194f7000:   0000019e76f53f60 0000000000000000
0x00000054194f7010:   0000000000000000 0000000000000000
0x00000054194f7020:   0000019e78eca950 00007ff99225f05b 

Instructions: (pc=0x00007ff994396f3b)
0x00007ff994396f1b:   00 00 48 c1 e9 0c 49 8b c6 48 2b c1 48 8b 18 48
0x00007ff994396f2b:   89 5c 24 30 48 85 db 0f 84 ee 04 00 00 0f 0d 0b
0x00007ff994396f3b:   4c 8b 4b 08 41 8b 46 0c c1 e8 08 0f b7 d0 48 8b
0x00007ff994396f4b:   03 4c 89 4c 24 48 89 54 24 38 48 8b 08 41 8b 41 



---------------  P R O C E S S  ---------------

Threads class SMR info:
_java_thread_list=0x0000019e78eb3060, length=18, elements={
0x0000019e52f88000, 0x0000019e77085800, 0x0000019e77091000, 0x0000019e779a0800,
0x0000019e779a2000, 0x0000019e779a3000, 0x0000019e779b3000, 0x0000019e77b63000,
0x0000019e77b6c800, 0x0000019e77be3800, 0x0000019e78b51000, 0x0000019e78b39000,
0x0000019e78b3c000, 0x0000019e78cbe800, 0x0000019e78bdc800, 0x0000019e78ed9000,
0x0000019e78ed9800, 0x0000019e78eda800
}

Java Threads: ( => current thread )
  0x0000019e52f88000 JavaThread "main" [_thread_blocked, id=20980, stack(0x0000005417700000,0x0000005417800000)]
  0x0000019e77085800 JavaThread "Reference Handler" daemon [_thread_blocked, id=21308, stack(0x0000005417e00000,0x0000005417f00000)]
  0x0000019e77091000 JavaThread "Finalizer" daemon [_thread_blocked, id=7800, stack(0x0000005417f00000,0x0000005418000000)]
  0x0000019e779a0800 JavaThread "Signal Dispatcher" daemon [_thread_blocked, id=11216, stack(0x0000005418000000,0x0000005418100000)]
  0x0000019e779a2000 JavaThread "Attach Listener" daemon [_thread_blocked, id=15192, stack(0x0000005418100000,0x0000005418200000)]
  0x0000019e779a3000 JavaThread "C1 CompilerThread0" daemon [_thread_blocked, id=20772, stack(0x0000005418200000,0x0000005418300000)]
  0x0000019e779b3000 JavaThread "Sweeper thread" daemon [_thread_blocked, id=25564, stack(0x0000005418300000,0x0000005418400000)]
  0x0000019e77b63000 JavaThread "Common-Cleaner" daemon [_thread_blocked, id=14716, stack(0x0000005418400000,0x0000005418500000)]
  0x0000019e77b6c800 JavaThread "C1 CompilerThread1" daemon [_thread_blocked, id=27328, stack(0x0000005418500000,0x0000005418600000)]
  0x0000019e77be3800 JavaThread "Service Thread" daemon [_thread_blocked, id=27796, stack(0x0000005418600000,0x0000005418700000)]
  0x0000019e78b51000 JavaThread "RMI TCP Accept-0" daemon [_thread_in_native, id=21456, stack(0x0000005418c00000,0x0000005418d00000)]
  0x0000019e78b39000 JavaThread "RMI TCP Accept-54972" daemon [_thread_in_native, id=18924, stack(0x0000005418d00000,0x0000005418e00000)]
  0x0000019e78b3c000 JavaThread "RMI TCP Accept-0" daemon [_thread_in_native, id=23320, stack(0x0000005418e00000,0x0000005418f00000)]
  0x0000019e78cbe800 JavaThread "C1 CompilerThread2" daemon [_thread_blocked, id=8740, stack(0x0000005419000000,0x0000005419100000)]
  0x0000019e78bdc800 JavaThread "C1 CompilerThread3" daemon [_thread_blocked, id=19012, stack(0x0000005419100000,0x0000005419200000)]
  0x0000019e78ed9000 JavaThread "RMI TCP Connection(1)-127.0.0.1" daemon [_thread_in_native, id=26476, stack(0x0000005419200000,0x0000005419300000)]
  0x0000019e78ed9800 JavaThread "RMI Scheduler(0)" daemon [_thread_blocked, id=8548, stack(0x0000005419300000,0x0000005419400000)]
=>0x0000019e78eda800 JavaThread "RMI TCP Connection(2)-127.0.0.1" daemon [_thread_in_vm, id=18192, stack(0x0000005419400000,0x0000005419500000)]

Other Threads:
  0x0000019e77081800 VMThread "VM Thread" [stack: 0x0000005417d00000,0x0000005417e00000] [id=25412]
  0x0000019e78bb1000 WatcherThread [stack: 0x0000005418f00000,0x0000005419000000] [id=21352]
  0x0000019e52fa2000 GCTaskThread "GC Thread#0" [stack: 0x0000005417800000,0x0000005417900000] [id=27916]
  0x0000019e78af8000 GCTaskThread "GC Thread#1" [stack: 0x0000005418700000,0x0000005418800000] [id=22104]
  0x0000019e78af9000 GCTaskThread "GC Thread#2" [stack: 0x0000005418800000,0x0000005418900000] [id=28920]
  0x0000019e78af9800 GCTaskThread "GC Thread#3" [stack: 0x0000005418900000,0x0000005418a00000] [id=24912]
  0x0000019e78afa800 GCTaskThread "GC Thread#4" [stack: 0x0000005418a00000,0x0000005418b00000] [id=26992]
  0x0000019e78afd000 GCTaskThread "GC Thread#5" [stack: 0x0000005418b00000,0x0000005418c00000] [id=19076]
  0x0000019e52fff800 ConcurrentGCThread "G1 Main Marker" [stack: 0x0000005417900000,0x0000005417a00000] [id=20488]
  0x0000019e53001000 ConcurrentGCThread "G1 Conc#0" [stack: 0x0000005417a00000,0x0000005417b00000] [id=12772]
  0x0000019e76f6c800 ConcurrentGCThread "G1 Refine#0" [stack: 0x0000005417b00000,0x0000005417c00000] [id=25080]
  0x0000019e76f6f800 ConcurrentGCThread "G1 Young RemSet Sampling" [stack: 0x0000005417c00000,0x0000005417d00000] [id=4248]

Threads with active compile tasks:
C1 CompilerThread21398       1       java.lang.ClassLoader::checkPackageAccess (102 bytes)

VM state:not at safepoint (normal execution)

VM Mutex/Monitor currently owned by a thread:  ([mutex/lock_event])
[0x0000019e52f85700] SystemDictionary_lock - owner thread: 0x0000019e78eda800
[0x0000019e52f87130] Compile_lock - owner thread: 0x0000019e78cbe800

Heap address: 0x0000000701000000, size: 4080 MB, Compressed Oops mode: Zero based, Oop shift amount: 3
Narrow klass base: 0x0000000800000000, Narrow klass shift: 0
Compressed class space size: 1073741824 Address: 0x0000000800000000

Heap:
 garbage-first heap   total 262144K, used 26692K [0x0000000701000000, 0x0000000800000000)
  region size 1024K, 10 young (10240K), 2 survivors (2048K)
 Metaspace       used 14527K, capacity 14952K, committed 15104K, reserved 1062912K
  class space    used 1541K, capacity 1670K, committed 1792K, reserved 1048576K
Heap Regions: E=young(eden), S=young(survivor), O=old, HS=humongous(starts), HC=humongous(continues), CS=collection set, F=free, A=archive, TAMS=top-at-mark-start (previous, next)
|   0|0x0000000701000000, 0x0000000701100000, 0x0000000701100000|100%| O|  |TAMS 0x0000000701000000, 0x0000000701000000| Untracked 
|   1|0x0000000701100000, 0x0000000701200000, 0x0000000701200000|100%| O|  |TAMS 0x0000000701100000, 0x0000000701100000| Untracked 
|   2|0x0000000701200000, 0x0000000701300000, 0x0000000701300000|100%| O|  |TAMS 0x0000000701200000, 0x0000000701200000| Untracked 
|   3|0x0000000701300000, 0x0000000701400000, 0x0000000701400000|100%| O|  |TAMS 0x0000000701300000, 0x0000000701300000| Untracked 
|   4|0x0000000701400000, 0x0000000701500000, 0x0000000701500000|100%| O|  |TAMS 0x0000000701400000, 0x0000000701400000| Untracked 
|   5|0x0000000701500000, 0x0000000701600000, 0x0000000701600000|100%| O|  |TAMS 0x0000000701500000, 0x0000000701500000| Untracked 
|   6|0x0000000701600000, 0x0000000701700000, 0x0000000701700000|100%| O|  |TAMS 0x0000000701600000, 0x0000000701600000| Untracked 
|   7|0x0000000701700000, 0x0000000701800000, 0x0000000701800000|100%| O|  |TAMS 0x0000000701700000, 0x0000000701700000| Untracked 
|   8|0x0000000701800000, 0x0000000701900000, 0x0000000701900000|100%| O|  |TAMS 0x0000000701800000, 0x0000000701800000| Untracked 
|   9|0x0000000701900000, 0x0000000701a00000, 0x0000000701a00000|100%| O|  |TAMS 0x0000000701900000, 0x0000000701900000| Untracked 
|  10|0x0000000701a00000, 0x0000000701b00000, 0x0000000701b00000|100%| O|  |TAMS 0x0000000701a00000, 0x0000000701a00000| Untracked 
|  11|0x0000000701b00000, 0x0000000701c00000, 0x0000000701c00000|100%| O|  |TAMS 0x0000000701b00000, 0x0000000701b00000| Untracked 
|  12|0x0000000701c00000, 0x0000000701d00000, 0x0000000701d00000|100%| O|  |TAMS 0x0000000701c00000, 0x0000000701c00000| Untracked 
|  13|0x0000000701d00000, 0x0000000701e00000, 0x0000000701e00000|100%| O|  |TAMS 0x0000000701d00000, 0x0000000701d00000| Untracked 
|  14|0x0000000701e00000, 0x0000000701f00000, 0x0000000701f00000|100%| O|  |TAMS 0x0000000701e00000, 0x0000000701e00000| Untracked 
|  15|0x0000000701f00000, 0x0000000702000000, 0x0000000702000000|100%| O|  |TAMS 0x0000000701f00000, 0x0000000701f00000| Untracked 
|  16|0x0000000702000000, 0x0000000702100000, 0x0000000702100000|100%| O|  |TAMS 0x0000000702000000, 0x0000000702000000| Untracked 
|  17|0x0000000702100000, 0x0000000702199600, 0x0000000702200000| 59%| O|  |TAMS 0x0000000702100000, 0x0000000702100000| Untracked 
|  18|0x0000000702200000, 0x0000000702200000, 0x0000000702300000|  0%| F|  |TAMS 0x0000000702200000, 0x0000000702200000| Untracked 
|  19|0x0000000702300000, 0x0000000702300000, 0x0000000702400000|  0%| F|  |TAMS 0x0000000702300000, 0x0000000702300000| Untracked 
|  20|0x0000000702400000, 0x0000000702400000, 0x0000000702500000|  0%| F|  |TAMS 0x0000000702400000, 0x0000000702400000| Untracked 
|  21|0x0000000702500000, 0x0000000702500000, 0x0000000702600000|  0%| F|  |TAMS 0x0000000702500000, 0x0000000702500000| Untracked 
|  22|0x0000000702600000, 0x0000000702600000, 0x0000000702700000|  0%| F|  |TAMS 0x0000000702600000, 0x0000000702600000| Untracked 
|  23|0x0000000702700000, 0x0000000702700000, 0x0000000702800000|  0%| F|  |TAMS 0x0000000702700000, 0x0000000702700000| Untracked 
|  24|0x0000000702800000, 0x0000000702800000, 0x0000000702900000|  0%| F|  |TAMS 0x0000000702800000, 0x0000000702800000| Untracked 
|  25|0x0000000702900000, 0x0000000702900000, 0x0000000702a00000|  0%| F|  |TAMS 0x0000000702900000, 0x0000000702900000| Untracked 
|  26|0x0000000702a00000, 0x0000000702a00000, 0x0000000702b00000|  0%| F|  |TAMS 0x0000000702a00000, 0x0000000702a00000| Untracked 
|  27|0x0000000702b00000, 0x0000000702b00000, 0x0000000702c00000|  0%| F|  |TAMS 0x0000000702b00000, 0x0000000702b00000| Untracked 
|  28|0x0000000702c00000, 0x0000000702c00000, 0x0000000702d00000|  0%| F|  |TAMS 0x0000000702c00000, 0x0000000702c00000| Untracked 
|  29|0x0000000702d00000, 0x0000000702d00000, 0x0000000702e00000|  0%| F|  |TAMS 0x0000000702d00000, 0x0000000702d00000| Untracked 
|  30|0x0000000702e00000, 0x0000000702e00000, 0x0000000702f00000|  0%| F|  |TAMS 0x0000000702e00000, 0x0000000702e00000| Untracked 
|  31|0x0000000702f00000, 0x0000000702f00000, 0x0000000703000000|  0%| F|  |TAMS 0x0000000702f00000, 0x0000000702f00000| Untracked 
|  32|0x0000000703000000, 0x0000000703000000, 0x0000000703100000|  0%| F|  |TAMS 0x0000000703000000, 0x0000000703000000| Untracked 
|  33|0x0000000703100000, 0x0000000703100000, 0x0000000703200000|  0%| F|  |TAMS 0x0000000703100000, 0x0000000703100000| Untracked 
|  34|0x0000000703200000, 0x0000000703200000, 0x0000000703300000|  0%| F|  |TAMS 0x0000000703200000, 0x0000000703200000| Untracked 
|  35|0x0000000703300000, 0x0000000703300000, 0x0000000703400000|  0%| F|  |TAMS 0x0000000703300000, 0x0000000703300000| Untracked 
|  36|0x0000000703400000, 0x0000000703400000, 0x0000000703500000|  0%| F|  |TAMS 0x0000000703400000, 0x0000000703400000| Untracked 
|  37|0x0000000703500000, 0x0000000703500000, 0x0000000703600000|  0%| F|  |TAMS 0x0000000703500000, 0x0000000703500000| Untracked 
|  38|0x0000000703600000, 0x0000000703600000, 0x0000000703700000|  0%| F|  |TAMS 0x0000000703600000, 0x0000000703600000| Untracked 
|  39|0x0000000703700000, 0x0000000703700000, 0x0000000703800000|  0%| F|  |TAMS 0x0000000703700000, 0x0000000703700000| Untracked 
|  40|0x0000000703800000, 0x0000000703800000, 0x0000000703900000|  0%| F|  |TAMS 0x0000000703800000, 0x0000000703800000| Untracked 
|  41|0x0000000703900000, 0x0000000703900000, 0x0000000703a00000|  0%| F|  |TAMS 0x0000000703900000, 0x0000000703900000| Untracked 
|  42|0x0000000703a00000, 0x0000000703a00000, 0x0000000703b00000|  0%| F|  |TAMS 0x0000000703a00000, 0x0000000703a00000| Untracked 
|  43|0x0000000703b00000, 0x0000000703b00000, 0x0000000703c00000|  0%| F|  |TAMS 0x0000000703b00000, 0x0000000703b00000| Untracked 
|  44|0x0000000703c00000, 0x0000000703c00000, 0x0000000703d00000|  0%| F|  |TAMS 0x0000000703c00000, 0x0000000703c00000| Untracked 
|  45|0x0000000703d00000, 0x0000000703d00000, 0x0000000703e00000|  0%| F|  |TAMS 0x0000000703d00000, 0x0000000703d00000| Untracked 
|  46|0x0000000703e00000, 0x0000000703e00000, 0x0000000703f00000|  0%| F|  |TAMS 0x0000000703e00000, 0x0000000703e00000| Untracked 
|  47|0x0000000703f00000, 0x0000000703f00000, 0x0000000704000000|  0%| F|  |TAMS 0x0000000703f00000, 0x0000000703f00000| Untracked 
|  48|0x0000000704000000, 0x0000000704000000, 0x0000000704100000|  0%| F|  |TAMS 0x0000000704000000, 0x0000000704000000| Untracked 
|  49|0x0000000704100000, 0x0000000704100000, 0x0000000704200000|  0%| F|  |TAMS 0x0000000704100000, 0x0000000704100000| Untracked 
|  50|0x0000000704200000, 0x0000000704200000, 0x0000000704300000|  0%| F|  |TAMS 0x0000000704200000, 0x0000000704200000| Untracked 
|  51|0x0000000704300000, 0x0000000704300000, 0x0000000704400000|  0%| F|  |TAMS 0x0000000704300000, 0x0000000704300000| Untracked 
|  52|0x0000000704400000, 0x0000000704400000, 0x0000000704500000|  0%| F|  |TAMS 0x0000000704400000, 0x0000000704400000| Untracked 
|  53|0x0000000704500000, 0x0000000704500000, 0x0000000704600000|  0%| F|  |TAMS 0x0000000704500000, 0x0000000704500000| Untracked 
|  54|0x0000000704600000, 0x0000000704600000, 0x0000000704700000|  0%| F|  |TAMS 0x0000000704600000, 0x0000000704600000| Untracked 
|  55|0x0000000704700000, 0x0000000704700000, 0x0000000704800000|  0%| F|  |TAMS 0x0000000704700000, 0x0000000704700000| Untracked 
|  56|0x0000000704800000, 0x0000000704800000, 0x0000000704900000|  0%| F|  |TAMS 0x0000000704800000, 0x0000000704800000| Untracked 
|  57|0x0000000704900000, 0x0000000704900000, 0x0000000704a00000|  0%| F|  |TAMS 0x0000000704900000, 0x0000000704900000| Untracked 
|  58|0x0000000704a00000, 0x0000000704a00000, 0x0000000704b00000|  0%| F|  |TAMS 0x0000000704a00000, 0x0000000704a00000| Untracked 
|  59|0x0000000704b00000, 0x0000000704b00000, 0x0000000704c00000|  0%| F|  |TAMS 0x0000000704b00000, 0x0000000704b00000| Untracked 
|  60|0x0000000704c00000, 0x0000000704c00000, 0x0000000704d00000|  0%| F|  |TAMS 0x0000000704c00000, 0x0000000704c00000| Untracked 
|  61|0x0000000704d00000, 0x0000000704d00000, 0x0000000704e00000|  0%| F|  |TAMS 0x0000000704d00000, 0x0000000704d00000| Untracked 
|  62|0x0000000704e00000, 0x0000000704e00000, 0x0000000704f00000|  0%| F|  |TAMS 0x0000000704e00000, 0x0000000704e00000| Untracked 
|  63|0x0000000704f00000, 0x0000000704f00000, 0x0000000705000000|  0%| F|  |TAMS 0x0000000704f00000, 0x0000000704f00000| Untracked 
|  64|0x0000000705000000, 0x0000000705000000, 0x0000000705100000|  0%| F|  |TAMS 0x0000000705000000, 0x0000000705000000| Untracked 
|  65|0x0000000705100000, 0x0000000705100000, 0x0000000705200000|  0%| F|  |TAMS 0x0000000705100000, 0x0000000705100000| Untracked 
|  66|0x0000000705200000, 0x0000000705200000, 0x0000000705300000|  0%| F|  |TAMS 0x0000000705200000, 0x0000000705200000| Untracked 
|  67|0x0000000705300000, 0x0000000705300000, 0x0000000705400000|  0%| F|  |TAMS 0x0000000705300000, 0x0000000705300000| Untracked 
|  68|0x0000000705400000, 0x0000000705400000, 0x0000000705500000|  0%| F|  |TAMS 0x0000000705400000, 0x0000000705400000| Untracked 
|  69|0x0000000705500000, 0x0000000705500000, 0x0000000705600000|  0%| F|  |TAMS 0x0000000705500000, 0x0000000705500000| Untracked 
|  70|0x0000000705600000, 0x0000000705600000, 0x0000000705700000|  0%| F|  |TAMS 0x0000000705600000, 0x0000000705600000| Untracked 
|  71|0x0000000705700000, 0x0000000705700000, 0x0000000705800000|  0%| F|  |TAMS 0x0000000705700000, 0x0000000705700000| Untracked 
|  72|0x0000000705800000, 0x0000000705800000, 0x0000000705900000|  0%| F|  |TAMS 0x0000000705800000, 0x0000000705800000| Untracked 
|  73|0x0000000705900000, 0x0000000705900000, 0x0000000705a00000|  0%| F|  |TAMS 0x0000000705900000, 0x0000000705900000| Untracked 
|  74|0x0000000705a00000, 0x0000000705a00000, 0x0000000705b00000|  0%| F|  |TAMS 0x0000000705a00000, 0x0000000705a00000| Untracked 
|  75|0x0000000705b00000, 0x0000000705b00000, 0x0000000705c00000|  0%| F|  |TAMS 0x0000000705b00000, 0x0000000705b00000| Untracked 
|  76|0x0000000705c00000, 0x0000000705c00000, 0x0000000705d00000|  0%| F|  |TAMS 0x0000000705c00000, 0x0000000705c00000| Untracked 
|  77|0x0000000705d00000, 0x0000000705d00000, 0x0000000705e00000|  0%| F|  |TAMS 0x0000000705d00000, 0x0000000705d00000| Untracked 
|  78|0x0000000705e00000, 0x0000000705e00000, 0x0000000705f00000|  0%| F|  |TAMS 0x0000000705e00000, 0x0000000705e00000| Untracked 
|  79|0x0000000705f00000, 0x0000000705f00000, 0x0000000706000000|  0%| F|  |TAMS 0x0000000705f00000, 0x0000000705f00000| Untracked 
|  80|0x0000000706000000, 0x0000000706000000, 0x0000000706100000|  0%| F|  |TAMS 0x0000000706000000, 0x0000000706000000| Untracked 
|  81|0x0000000706100000, 0x0000000706100000, 0x0000000706200000|  0%| F|  |TAMS 0x0000000706100000, 0x0000000706100000| Untracked 
|  82|0x0000000706200000, 0x0000000706200000, 0x0000000706300000|  0%| F|  |TAMS 0x0000000706200000, 0x0000000706200000| Untracked 
|  83|0x0000000706300000, 0x0000000706300000, 0x0000000706400000|  0%| F|  |TAMS 0x0000000706300000, 0x0000000706300000| Untracked 
|  84|0x0000000706400000, 0x0000000706400000, 0x0000000706500000|  0%| F|  |TAMS 0x0000000706400000, 0x0000000706400000| Untracked 
|  85|0x0000000706500000, 0x0000000706500000, 0x0000000706600000|  0%| F|  |TAMS 0x0000000706500000, 0x0000000706500000| Untracked 
|  86|0x0000000706600000, 0x0000000706600000, 0x0000000706700000|  0%| F|  |TAMS 0x0000000706600000, 0x0000000706600000| Untracked 
|  87|0x0000000706700000, 0x0000000706700000, 0x0000000706800000|  0%| F|  |TAMS 0x0000000706700000, 0x0000000706700000| Untracked 
|  88|0x0000000706800000, 0x0000000706800000, 0x0000000706900000|  0%| F|  |TAMS 0x0000000706800000, 0x0000000706800000| Untracked 
|  89|0x0000000706900000, 0x0000000706900000, 0x0000000706a00000|  0%| F|  |TAMS 0x0000000706900000, 0x0000000706900000| Untracked 
|  90|0x0000000706a00000, 0x0000000706a00000, 0x0000000706b00000|  0%| F|  |TAMS 0x0000000706a00000, 0x0000000706a00000| Untracked 
|  91|0x0000000706b00000, 0x0000000706b00000, 0x0000000706c00000|  0%| F|  |TAMS 0x0000000706b00000, 0x0000000706b00000| Untracked 
|  92|0x0000000706c00000, 0x0000000706c00000, 0x0000000706d00000|  0%| F|  |TAMS 0x0000000706c00000, 0x0000000706c00000| Untracked 
|  93|0x0000000706d00000, 0x0000000706d00000, 0x0000000706e00000|  0%| F|  |TAMS 0x0000000706d00000, 0x0000000706d00000| Untracked 
|  94|0x0000000706e00000, 0x0000000706e00000, 0x0000000706f00000|  0%| F|  |TAMS 0x0000000706e00000, 0x0000000706e00000| Untracked 
|  95|0x0000000706f00000, 0x0000000706f00000, 0x0000000707000000|  0%| F|  |TAMS 0x0000000706f00000, 0x0000000706f00000| Untracked 
|  96|0x0000000707000000, 0x0000000707000000, 0x0000000707100000|  0%| F|  |TAMS 0x0000000707000000, 0x0000000707000000| Untracked 
|  97|0x0000000707100000, 0x0000000707100000, 0x0000000707200000|  0%| F|  |TAMS 0x0000000707100000, 0x0000000707100000| Untracked 
|  98|0x0000000707200000, 0x0000000707200000, 0x0000000707300000|  0%| F|  |TAMS 0x0000000707200000, 0x0000000707200000| Untracked 
|  99|0x0000000707300000, 0x0000000707300000, 0x0000000707400000|  0%| F|  |TAMS 0x0000000707300000, 0x0000000707300000| Untracked 
| 100|0x0000000707400000, 0x0000000707400000, 0x0000000707500000|  0%| F|  |TAMS 0x0000000707400000, 0x0000000707400000| Untracked 
| 101|0x0000000707500000, 0x0000000707500000, 0x0000000707600000|  0%| F|  |TAMS 0x0000000707500000, 0x0000000707500000| Untracked 
| 102|0x0000000707600000, 0x0000000707600000, 0x0000000707700000|  0%| F|  |TAMS 0x0000000707600000, 0x0000000707600000| Untracked 
| 103|0x0000000707700000, 0x0000000707700000, 0x0000000707800000|  0%| F|  |TAMS 0x0000000707700000, 0x0000000707700000| Untracked 
| 104|0x0000000707800000, 0x0000000707800000, 0x0000000707900000|  0%| F|  |TAMS 0x0000000707800000, 0x0000000707800000| Untracked 
| 105|0x0000000707900000, 0x0000000707900000, 0x0000000707a00000|  0%| F|  |TAMS 0x0000000707900000, 0x0000000707900000| Untracked 
| 106|0x0000000707a00000, 0x0000000707a00000, 0x0000000707b00000|  0%| F|  |TAMS 0x0000000707a00000, 0x0000000707a00000| Untracked 
| 107|0x0000000707b00000, 0x0000000707b00000, 0x0000000707c00000|  0%| F|  |TAMS 0x0000000707b00000, 0x0000000707b00000| Untracked 
| 108|0x0000000707c00000, 0x0000000707c00000, 0x0000000707d00000|  0%| F|  |TAMS 0x0000000707c00000, 0x0000000707c00000| Untracked 
| 109|0x0000000707d00000, 0x0000000707d00000, 0x0000000707e00000|  0%| F|  |TAMS 0x0000000707d00000, 0x0000000707d00000| Untracked 
| 110|0x0000000707e00000, 0x0000000707e00000, 0x0000000707f00000|  0%| F|  |TAMS 0x0000000707e00000, 0x0000000707e00000| Untracked 
| 111|0x0000000707f00000, 0x0000000707f00000, 0x0000000708000000|  0%| F|  |TAMS 0x0000000707f00000, 0x0000000707f00000| Untracked 
| 112|0x0000000708000000, 0x0000000708000000, 0x0000000708100000|  0%| F|  |TAMS 0x0000000708000000, 0x0000000708000000| Untracked 
| 113|0x0000000708100000, 0x0000000708100000, 0x0000000708200000|  0%| F|  |TAMS 0x0000000708100000, 0x0000000708100000| Untracked 
| 114|0x0000000708200000, 0x0000000708200000, 0x0000000708300000|  0%| F|  |TAMS 0x0000000708200000, 0x0000000708200000| Untracked 
| 115|0x0000000708300000, 0x0000000708300000, 0x0000000708400000|  0%| F|  |TAMS 0x0000000708300000, 0x0000000708300000| Untracked 
| 116|0x0000000708400000, 0x0000000708400000, 0x0000000708500000|  0%| F|  |TAMS 0x0000000708400000, 0x0000000708400000| Untracked 
| 117|0x0000000708500000, 0x0000000708500000, 0x0000000708600000|  0%| F|  |TAMS 0x0000000708500000, 0x0000000708500000| Untracked 
| 118|0x0000000708600000, 0x0000000708600000, 0x0000000708700000|  0%| F|  |TAMS 0x0000000708600000, 0x0000000708600000| Untracked 
| 119|0x0000000708700000, 0x0000000708700000, 0x0000000708800000|  0%| F|  |TAMS 0x0000000708700000, 0x0000000708700000| Untracked 
| 120|0x0000000708800000, 0x0000000708800000, 0x0000000708900000|  0%| F|  |TAMS 0x0000000708800000, 0x0000000708800000| Untracked 
| 121|0x0000000708900000, 0x0000000708900000, 0x0000000708a00000|  0%| F|  |TAMS 0x0000000708900000, 0x0000000708900000| Untracked 
| 122|0x0000000708a00000, 0x0000000708a00000, 0x0000000708b00000|  0%| F|  |TAMS 0x0000000708a00000, 0x0000000708a00000| Untracked 
| 123|0x0000000708b00000, 0x0000000708b00000, 0x0000000708c00000|  0%| F|  |TAMS 0x0000000708b00000, 0x0000000708b00000| Untracked 
| 124|0x0000000708c00000, 0x0000000708c00000, 0x0000000708d00000|  0%| F|  |TAMS 0x0000000708c00000, 0x0000000708c00000| Untracked 
| 125|0x0000000708d00000, 0x0000000708d00000, 0x0000000708e00000|  0%| F|  |TAMS 0x0000000708d00000, 0x0000000708d00000| Untracked 
| 126|0x0000000708e00000, 0x0000000708e00000, 0x0000000708f00000|  0%| F|  |TAMS 0x0000000708e00000, 0x0000000708e00000| Untracked 
| 127|0x0000000708f00000, 0x0000000708f00000, 0x0000000709000000|  0%| F|  |TAMS 0x0000000708f00000, 0x0000000708f00000| Untracked 
| 128|0x0000000709000000, 0x0000000709000000, 0x0000000709100000|  0%| F|  |TAMS 0x0000000709000000, 0x0000000709000000| Untracked 
| 129|0x0000000709100000, 0x0000000709100000, 0x0000000709200000|  0%| F|  |TAMS 0x0000000709100000, 0x0000000709100000| Untracked 
| 130|0x0000000709200000, 0x0000000709200000, 0x0000000709300000|  0%| F|  |TAMS 0x0000000709200000, 0x0000000709200000| Untracked 
| 131|0x0000000709300000, 0x0000000709300000, 0x0000000709400000|  0%| F|  |TAMS 0x0000000709300000, 0x0000000709300000| Untracked 
| 132|0x0000000709400000, 0x0000000709400000, 0x0000000709500000|  0%| F|  |TAMS 0x0000000709400000, 0x0000000709400000| Untracked 
| 133|0x0000000709500000, 0x0000000709500000, 0x0000000709600000|  0%| F|  |TAMS 0x0000000709500000, 0x0000000709500000| Untracked 
| 134|0x0000000709600000, 0x0000000709600000, 0x0000000709700000|  0%| F|  |TAMS 0x0000000709600000, 0x0000000709600000| Untracked 
| 135|0x0000000709700000, 0x0000000709700000, 0x0000000709800000|  0%| F|  |TAMS 0x0000000709700000, 0x0000000709700000| Untracked 
| 136|0x0000000709800000, 0x0000000709800000, 0x0000000709900000|  0%| F|  |TAMS 0x0000000709800000, 0x0000000709800000| Untracked 
| 137|0x0000000709900000, 0x0000000709900000, 0x0000000709a00000|  0%| F|  |TAMS 0x0000000709900000, 0x0000000709900000| Untracked 
| 138|0x0000000709a00000, 0x0000000709a00000, 0x0000000709b00000|  0%| F|  |TAMS 0x0000000709a00000, 0x0000000709a00000| Untracked 
| 139|0x0000000709b00000, 0x0000000709b00000, 0x0000000709c00000|  0%| F|  |TAMS 0x0000000709b00000, 0x0000000709b00000| Untracked 
| 140|0x0000000709c00000, 0x0000000709c00000, 0x0000000709d00000|  0%| F|  |TAMS 0x0000000709c00000, 0x0000000709c00000| Untracked 
| 141|0x0000000709d00000, 0x0000000709d00000, 0x0000000709e00000|  0%| F|  |TAMS 0x0000000709d00000, 0x0000000709d00000| Untracked 
| 142|0x0000000709e00000, 0x0000000709e00000, 0x0000000709f00000|  0%| F|  |TAMS 0x0000000709e00000, 0x0000000709e00000| Untracked 
| 143|0x0000000709f00000, 0x0000000709f00000, 0x000000070a000000|  0%| F|  |TAMS 0x0000000709f00000, 0x0000000709f00000| Untracked 
| 144|0x000000070a000000, 0x000000070a000000, 0x000000070a100000|  0%| F|  |TAMS 0x000000070a000000, 0x000000070a000000| Untracked 
| 145|0x000000070a100000, 0x000000070a100000, 0x000000070a200000|  0%| F|  |TAMS 0x000000070a100000, 0x000000070a100000| Untracked 
| 146|0x000000070a200000, 0x000000070a200000, 0x000000070a300000|  0%| F|  |TAMS 0x000000070a200000, 0x000000070a200000| Untracked 
| 147|0x000000070a300000, 0x000000070a300000, 0x000000070a400000|  0%| F|  |TAMS 0x000000070a300000, 0x000000070a300000| Untracked 
| 148|0x000000070a400000, 0x000000070a400000, 0x000000070a500000|  0%| F|  |TAMS 0x000000070a400000, 0x000000070a400000| Untracked 
| 149|0x000000070a500000, 0x000000070a500000, 0x000000070a600000|  0%| F|  |TAMS 0x000000070a500000, 0x000000070a500000| Untracked 
| 150|0x000000070a600000, 0x000000070a600000, 0x000000070a700000|  0%| F|  |TAMS 0x000000070a600000, 0x000000070a600000| Untracked 
| 151|0x000000070a700000, 0x000000070a700000, 0x000000070a800000|  0%| F|  |TAMS 0x000000070a700000, 0x000000070a700000| Untracked 
| 152|0x000000070a800000, 0x000000070a800000, 0x000000070a900000|  0%| F|  |TAMS 0x000000070a800000, 0x000000070a800000| Untracked 
| 153|0x000000070a900000, 0x000000070a900000, 0x000000070aa00000|  0%| F|  |TAMS 0x000000070a900000, 0x000000070a900000| Untracked 
| 154|0x000000070aa00000, 0x000000070aa00000, 0x000000070ab00000|  0%| F|  |TAMS 0x000000070aa00000, 0x000000070aa00000| Untracked 
| 155|0x000000070ab00000, 0x000000070ab00000, 0x000000070ac00000|  0%| F|  |TAMS 0x000000070ab00000, 0x000000070ab00000| Untracked 
| 156|0x000000070ac00000, 0x000000070ac00000, 0x000000070ad00000|  0%| F|  |TAMS 0x000000070ac00000, 0x000000070ac00000| Untracked 
| 157|0x000000070ad00000, 0x000000070ad00000, 0x000000070ae00000|  0%| F|  |TAMS 0x000000070ad00000, 0x000000070ad00000| Untracked 
| 158|0x000000070ae00000, 0x000000070ae00000, 0x000000070af00000|  0%| F|  |TAMS 0x000000070ae00000, 0x000000070ae00000| Untracked 
| 159|0x000000070af00000, 0x000000070af00000, 0x000000070b000000|  0%| F|  |TAMS 0x000000070af00000, 0x000000070af00000| Untracked 
| 160|0x000000070b000000, 0x000000070b000000, 0x000000070b100000|  0%| F|  |TAMS 0x000000070b000000, 0x000000070b000000| Untracked 
| 161|0x000000070b100000, 0x000000070b100000, 0x000000070b200000|  0%| F|  |TAMS 0x000000070b100000, 0x000000070b100000| Untracked 
| 162|0x000000070b200000, 0x000000070b200000, 0x000000070b300000|  0%| F|  |TAMS 0x000000070b200000, 0x000000070b200000| Untracked 
| 163|0x000000070b300000, 0x000000070b300000, 0x000000070b400000|  0%| F|  |TAMS 0x000000070b300000, 0x000000070b300000| Untracked 
| 164|0x000000070b400000, 0x000000070b400000, 0x000000070b500000|  0%| F|  |TAMS 0x000000070b400000, 0x000000070b400000| Untracked 
| 165|0x000000070b500000, 0x000000070b500000, 0x000000070b600000|  0%| F|  |TAMS 0x000000070b500000, 0x000000070b500000| Untracked 
| 166|0x000000070b600000, 0x000000070b600000, 0x000000070b700000|  0%| F|  |TAMS 0x000000070b600000, 0x000000070b600000| Untracked 
| 167|0x000000070b700000, 0x000000070b700000, 0x000000070b800000|  0%| F|  |TAMS 0x000000070b700000, 0x000000070b700000| Untracked 
| 168|0x000000070b800000, 0x000000070b800000, 0x000000070b900000|  0%| F|  |TAMS 0x000000070b800000, 0x000000070b800000| Untracked 
| 169|0x000000070b900000, 0x000000070b900000, 0x000000070ba00000|  0%| F|  |TAMS 0x000000070b900000, 0x000000070b900000| Untracked 
| 170|0x000000070ba00000, 0x000000070ba00000, 0x000000070bb00000|  0%| F|  |TAMS 0x000000070ba00000, 0x000000070ba00000| Untracked 
| 171|0x000000070bb00000, 0x000000070bb00000, 0x000000070bc00000|  0%| F|  |TAMS 0x000000070bb00000, 0x000000070bb00000| Untracked 
| 172|0x000000070bc00000, 0x000000070bc00000, 0x000000070bd00000|  0%| F|  |TAMS 0x000000070bc00000, 0x000000070bc00000| Untracked 
| 173|0x000000070bd00000, 0x000000070bd00000, 0x000000070be00000|  0%| F|  |TAMS 0x000000070bd00000, 0x000000070bd00000| Untracked 
| 174|0x000000070be00000, 0x000000070be00000, 0x000000070bf00000|  0%| F|  |TAMS 0x000000070be00000, 0x000000070be00000| Untracked 
| 175|0x000000070bf00000, 0x000000070bf00000, 0x000000070c000000|  0%| F|  |TAMS 0x000000070bf00000, 0x000000070bf00000| Untracked 
| 176|0x000000070c000000, 0x000000070c000000, 0x000000070c100000|  0%| F|  |TAMS 0x000000070c000000, 0x000000070c000000| Untracked 
| 177|0x000000070c100000, 0x000000070c100000, 0x000000070c200000|  0%| F|  |TAMS 0x000000070c100000, 0x000000070c100000| Untracked 
| 178|0x000000070c200000, 0x000000070c200000, 0x000000070c300000|  0%| F|  |TAMS 0x000000070c200000, 0x000000070c200000| Untracked 
| 179|0x000000070c300000, 0x000000070c300000, 0x000000070c400000|  0%| F|  |TAMS 0x000000070c300000, 0x000000070c300000| Untracked 
| 180|0x000000070c400000, 0x000000070c400000, 0x000000070c500000|  0%| F|  |TAMS 0x000000070c400000, 0x000000070c400000| Untracked 
| 181|0x000000070c500000, 0x000000070c500000, 0x000000070c600000|  0%| F|  |TAMS 0x000000070c500000, 0x000000070c500000| Untracked 
| 182|0x000000070c600000, 0x000000070c600000, 0x000000070c700000|  0%| F|  |TAMS 0x000000070c600000, 0x000000070c600000| Untracked 
| 183|0x000000070c700000, 0x000000070c700000, 0x000000070c800000|  0%| F|  |TAMS 0x000000070c700000, 0x000000070c700000| Untracked 
| 184|0x000000070c800000, 0x000000070c800000, 0x000000070c900000|  0%| F|  |TAMS 0x000000070c800000, 0x000000070c800000| Untracked 
| 185|0x000000070c900000, 0x000000070c900000, 0x000000070ca00000|  0%| F|  |TAMS 0x000000070c900000, 0x000000070c900000| Untracked 
| 186|0x000000070ca00000, 0x000000070ca00000, 0x000000070cb00000|  0%| F|  |TAMS 0x000000070ca00000, 0x000000070ca00000| Untracked 
| 187|0x000000070cb00000, 0x000000070cb00000, 0x000000070cc00000|  0%| F|  |TAMS 0x000000070cb00000, 0x000000070cb00000| Untracked 
| 188|0x000000070cc00000, 0x000000070cc00000, 0x000000070cd00000|  0%| F|  |TAMS 0x000000070cc00000, 0x000000070cc00000| Untracked 
| 189|0x000000070cd00000, 0x000000070cd00000, 0x000000070ce00000|  0%| F|  |TAMS 0x000000070cd00000, 0x000000070cd00000| Untracked 
| 190|0x000000070ce00000, 0x000000070ce00000, 0x000000070cf00000|  0%| F|  |TAMS 0x000000070ce00000, 0x000000070ce00000| Untracked 
| 191|0x000000070cf00000, 0x000000070cf00000, 0x000000070d000000|  0%| F|  |TAMS 0x000000070cf00000, 0x000000070cf00000| Untracked 
| 192|0x000000070d000000, 0x000000070d000000, 0x000000070d100000|  0%| F|  |TAMS 0x000000070d000000, 0x000000070d000000| Untracked 
| 193|0x000000070d100000, 0x000000070d100000, 0x000000070d200000|  0%| F|  |TAMS 0x000000070d100000, 0x000000070d100000| Untracked 
| 194|0x000000070d200000, 0x000000070d200000, 0x000000070d300000|  0%| F|  |TAMS 0x000000070d200000, 0x000000070d200000| Untracked 
| 195|0x000000070d300000, 0x000000070d300000, 0x000000070d400000|  0%| F|  |TAMS 0x000000070d300000, 0x000000070d300000| Untracked 
| 196|0x000000070d400000, 0x000000070d400000, 0x000000070d500000|  0%| F|  |TAMS 0x000000070d400000, 0x000000070d400000| Untracked 
| 197|0x000000070d500000, 0x000000070d500000, 0x000000070d600000|  0%| F|  |TAMS 0x000000070d500000, 0x000000070d500000| Untracked 
| 198|0x000000070d600000, 0x000000070d600000, 0x000000070d700000|  0%| F|  |TAMS 0x000000070d600000, 0x000000070d600000| Untracked 
| 199|0x000000070d700000, 0x000000070d700000, 0x000000070d800000|  0%| F|  |TAMS 0x000000070d700000, 0x000000070d700000| Untracked 
| 200|0x000000070d800000, 0x000000070d800000, 0x000000070d900000|  0%| F|  |TAMS 0x000000070d800000, 0x000000070d800000| Untracked 
| 201|0x000000070d900000, 0x000000070d900000, 0x000000070da00000|  0%| F|  |TAMS 0x000000070d900000, 0x000000070d900000| Untracked 
| 202|0x000000070da00000, 0x000000070da00000, 0x000000070db00000|  0%| F|  |TAMS 0x000000070da00000, 0x000000070da00000| Untracked 
| 203|0x000000070db00000, 0x000000070db00000, 0x000000070dc00000|  0%| F|  |TAMS 0x000000070db00000, 0x000000070db00000| Untracked 
| 204|0x000000070dc00000, 0x000000070dc00000, 0x000000070dd00000|  0%| F|  |TAMS 0x000000070dc00000, 0x000000070dc00000| Untracked 
| 205|0x000000070dd00000, 0x000000070dd00000, 0x000000070de00000|  0%| F|  |TAMS 0x000000070dd00000, 0x000000070dd00000| Untracked 
| 206|0x000000070de00000, 0x000000070de00000, 0x000000070df00000|  0%| F|  |TAMS 0x000000070de00000, 0x000000070de00000| Untracked 
| 207|0x000000070df00000, 0x000000070df00000, 0x000000070e000000|  0%| F|  |TAMS 0x000000070df00000, 0x000000070df00000| Untracked 
| 208|0x000000070e000000, 0x000000070e000000, 0x000000070e100000|  0%| F|  |TAMS 0x000000070e000000, 0x000000070e000000| Untracked 
| 209|0x000000070e100000, 0x000000070e100000, 0x000000070e200000|  0%| F|  |TAMS 0x000000070e100000, 0x000000070e100000| Untracked 
| 210|0x000000070e200000, 0x000000070e200000, 0x000000070e300000|  0%| F|  |TAMS 0x000000070e200000, 0x000000070e200000| Untracked 
| 211|0x000000070e300000, 0x000000070e300000, 0x000000070e400000|  0%| F|  |TAMS 0x000000070e300000, 0x000000070e300000| Untracked 
| 212|0x000000070e400000, 0x000000070e400000, 0x000000070e500000|  0%| F|  |TAMS 0x000000070e400000, 0x000000070e400000| Untracked 
| 213|0x000000070e500000, 0x000000070e500000, 0x000000070e600000|  0%| F|  |TAMS 0x000000070e500000, 0x000000070e500000| Untracked 
| 214|0x000000070e600000, 0x000000070e600000, 0x000000070e700000|  0%| F|  |TAMS 0x000000070e600000, 0x000000070e600000| Untracked 
| 215|0x000000070e700000, 0x000000070e700000, 0x000000070e800000|  0%| F|  |TAMS 0x000000070e700000, 0x000000070e700000| Untracked 
| 216|0x000000070e800000, 0x000000070e800000, 0x000000070e900000|  0%| F|  |TAMS 0x000000070e800000, 0x000000070e800000| Untracked 
| 217|0x000000070e900000, 0x000000070e900000, 0x000000070ea00000|  0%| F|  |TAMS 0x000000070e900000, 0x000000070e900000| Untracked 
| 218|0x000000070ea00000, 0x000000070ea00000, 0x000000070eb00000|  0%| F|  |TAMS 0x000000070ea00000, 0x000000070ea00000| Untracked 
| 219|0x000000070eb00000, 0x000000070eb00000, 0x000000070ec00000|  0%| F|  |TAMS 0x000000070eb00000, 0x000000070eb00000| Untracked 
| 220|0x000000070ec00000, 0x000000070ec00000, 0x000000070ed00000|  0%| F|  |TAMS 0x000000070ec00000, 0x000000070ec00000| Untracked 
| 221|0x000000070ed00000, 0x000000070ed00000, 0x000000070ee00000|  0%| F|  |TAMS 0x000000070ed00000, 0x000000070ed00000| Untracked 
| 222|0x000000070ee00000, 0x000000070ee00000, 0x000000070ef00000|  0%| F|  |TAMS 0x000000070ee00000, 0x000000070ee00000| Untracked 
| 223|0x000000070ef00000, 0x000000070ef00000, 0x000000070f000000|  0%| F|  |TAMS 0x000000070ef00000, 0x000000070ef00000| Untracked 
| 224|0x000000070f000000, 0x000000070f000000, 0x000000070f100000|  0%| F|  |TAMS 0x000000070f000000, 0x000000070f000000| Untracked 
| 225|0x000000070f100000, 0x000000070f100000, 0x000000070f200000|  0%| F|  |TAMS 0x000000070f100000, 0x000000070f100000| Untracked 
| 226|0x000000070f200000, 0x000000070f200000, 0x000000070f300000|  0%| F|  |TAMS 0x000000070f200000, 0x000000070f200000| Untracked 
| 227|0x000000070f300000, 0x000000070f300000, 0x000000070f400000|  0%| F|  |TAMS 0x000000070f300000, 0x000000070f300000| Untracked 
| 228|0x000000070f400000, 0x000000070f400000, 0x000000070f500000|  0%| F|  |TAMS 0x000000070f400000, 0x000000070f400000| Untracked 
| 229|0x000000070f500000, 0x000000070f500000, 0x000000070f600000|  0%| F|  |TAMS 0x000000070f500000, 0x000000070f500000| Untracked 
| 230|0x000000070f600000, 0x000000070f600000, 0x000000070f700000|  0%| F|  |TAMS 0x000000070f600000, 0x000000070f600000| Untracked 
| 231|0x000000070f700000, 0x000000070f700000, 0x000000070f800000|  0%| F|  |TAMS 0x000000070f700000, 0x000000070f700000| Untracked 
| 232|0x000000070f800000, 0x000000070f800000, 0x000000070f900000|  0%| F|  |TAMS 0x000000070f800000, 0x000000070f800000| Untracked 
| 233|0x000000070f900000, 0x000000070f900000, 0x000000070fa00000|  0%| F|  |TAMS 0x000000070f900000, 0x000000070f900000| Untracked 
| 234|0x000000070fa00000, 0x000000070fa00000, 0x000000070fb00000|  0%| F|  |TAMS 0x000000070fa00000, 0x000000070fa00000| Untracked 
| 235|0x000000070fb00000, 0x000000070fb00000, 0x000000070fc00000|  0%| F|  |TAMS 0x000000070fb00000, 0x000000070fb00000| Untracked 
| 236|0x000000070fc00000, 0x000000070fc00000, 0x000000070fd00000|  0%| F|  |TAMS 0x000000070fc00000, 0x000000070fc00000| Untracked 
| 237|0x000000070fd00000, 0x000000070fd00000, 0x000000070fe00000|  0%| F|  |TAMS 0x000000070fd00000, 0x000000070fd00000| Untracked 
| 238|0x000000070fe00000, 0x000000070fe00000, 0x000000070ff00000|  0%| F|  |TAMS 0x000000070fe00000, 0x000000070fe00000| Untracked 
| 239|0x000000070ff00000, 0x000000070ff00000, 0x0000000710000000|  0%| F|  |TAMS 0x000000070ff00000, 0x000000070ff00000| Untracked 
| 240|0x0000000710000000, 0x0000000710000000, 0x0000000710100000|  0%| F|  |TAMS 0x0000000710000000, 0x0000000710000000| Untracked 
| 241|0x0000000710100000, 0x0000000710100000, 0x0000000710200000|  0%| F|  |TAMS 0x0000000710100000, 0x0000000710100000| Untracked 
| 242|0x0000000710200000, 0x0000000710277de0, 0x0000000710300000| 46%| S|CS|TAMS 0x0000000710200000, 0x0000000710200000| Complete 
| 243|0x0000000710300000, 0x0000000710400000, 0x0000000710400000|100%| S|CS|TAMS 0x0000000710300000, 0x0000000710300000| Complete 
| 244|0x0000000710400000, 0x0000000710400000, 0x0000000710500000|  0%| F|  |TAMS 0x0000000710400000, 0x0000000710400000| Untracked 
| 245|0x0000000710500000, 0x0000000710500000, 0x0000000710600000|  0%| F|  |TAMS 0x0000000710500000, 0x0000000710500000| Untracked 
| 246|0x0000000710600000, 0x0000000710600000, 0x0000000710700000|  0%| F|  |TAMS 0x0000000710600000, 0x0000000710600000| Untracked 
| 247|0x0000000710700000, 0x0000000710700000, 0x0000000710800000|  0%| F|  |TAMS 0x0000000710700000, 0x0000000710700000| Untracked 
| 248|0x0000000710800000, 0x0000000710866f10, 0x0000000710900000| 40%| E|  |TAMS 0x0000000710800000, 0x0000000710800000| Complete 
| 249|0x0000000710900000, 0x0000000710a00000, 0x0000000710a00000|100%| E|CS|TAMS 0x0000000710900000, 0x0000000710900000| Complete 
| 250|0x0000000710a00000, 0x0000000710b00000, 0x0000000710b00000|100%| E|CS|TAMS 0x0000000710a00000, 0x0000000710a00000| Complete 
| 251|0x0000000710b00000, 0x0000000710c00000, 0x0000000710c00000|100%| E|CS|TAMS 0x0000000710b00000, 0x0000000710b00000| Complete 
| 252|0x0000000710c00000, 0x0000000710d00000, 0x0000000710d00000|100%| E|CS|TAMS 0x0000000710c00000, 0x0000000710c00000| Complete 
| 253|0x0000000710d00000, 0x0000000710e00000, 0x0000000710e00000|100%| E|CS|TAMS 0x0000000710d00000, 0x0000000710d00000| Complete 
| 254|0x0000000710e00000, 0x0000000710f00000, 0x0000000710f00000|100%| E|CS|TAMS 0x0000000710e00000, 0x0000000710e00000| Complete 
| 255|0x0000000710f00000, 0x0000000711000000, 0x0000000711000000|100%| E|CS|TAMS 0x0000000710f00000, 0x0000000710f00000| Complete 

Card table byte_map: [0x0000019e6b570000,0x0000019e6bd70000] _byte_map_base: 0x0000019e67d68000

Marking Bits (Prev, Next): (CMBitMap*) 0x0000019e52fef0a8, (CMBitMap*) 0x0000019e52fef0e0
 Prev Bits: [0x0000019e6c570000, 0x0000019e70530000)
 Next Bits: [0x0000019e70530000, 0x0000019e744f0000)

Polling page: 0x0000019e53060000

Metaspace:

Usage:
  Non-class:     12.97 MB capacity,    12.68 MB ( 98%) used,   259.24 KB (  2%) free+waste,    36.44 KB ( <1%) overhead. 
      Class:      1.63 MB capacity,     1.51 MB ( 92%) used,   110.84 KB (  7%) free+waste,    17.88 KB (  1%) overhead. 
       Both:     14.60 MB capacity,    14.19 MB ( 97%) used,   370.09 KB (  2%) free+waste,    54.31 KB ( <1%) overhead. 

Virtual space:
  Non-class space:       14.00 MB reserved,      13.00 MB ( 93%) committed 
      Class space:        1.00 GB reserved,       1.75 MB ( <1%) committed 
             Both:        1.01 GB reserved,      14.75 MB (  1%) committed 

Chunk freelists:
   Non-Class:  3.75 KB
       Class:  0 bytes
        Both:  3.75 KB

CodeHeap 'non-profiled nmethods': size=238336Kb used=2133Kb max_used=2133Kb free=236202Kb
 bounds [0x0000019e5ba50000, 0x0000019e5bcc0000, 0x0000019e6a310000]
CodeHeap 'non-nmethods': size=7424Kb used=2812Kb max_used=2812Kb free=4612Kb
 bounds [0x0000019e5b310000, 0x0000019e5b5d0000, 0x0000019e5ba50000]
 total_blobs=1837 nmethods=1397 adapters=347
 compilation: enabled
              stopped_count=0, restarted_count=0
 full_count=0

Compilation events (10 events):
Event: 2.595 Thread 0x0000019e78cbe800 1392       1       java.lang.invoke.MemberName::isProtected (8 bytes)
Event: 2.595 Thread 0x0000019e78cbe800 nmethod 1392 0x0000019e5bc62f90 code [0x0000019e5bc63140, 0x0000019e5bc63278]
Event: 2.595 Thread 0x0000019e779a3000 1393       1       java.lang.invoke.MethodType::listToArray (22 bytes)
Event: 2.595 Thread 0x0000019e78bdc800 nmethod 1391 0x0000019e5bc63310 code [0x0000019e5bc63520, 0x0000019e5bc63910]
Event: 2.596 Thread 0x0000019e779a3000 nmethod 1393 0x0000019e5bc63b10 code [0x0000019e5bc63d20, 0x0000019e5bc64090]
Event: 2.596 Thread 0x0000019e77b6c800 1394       1       java.util.concurrent.atomic.AtomicInteger::get (5 bytes)
Event: 2.597 Thread 0x0000019e77b6c800 nmethod 1394 0x0000019e5bc64290 code [0x0000019e5bc64440, 0x0000019e5bc64558]
Event: 2.598 Thread 0x0000019e77b6c800 1397       1       java.lang.invoke.LambdaForm$MH/0x00000008000da440::invoke (155 bytes)
Event: 2.598 Thread 0x0000019e77b6c800 nmethod 1397 0x0000019e5bc64a10 code [0x0000019e5bc64c40, 0x0000019e5bc65100]
Event: 2.598 Thread 0x0000019e78cbe800 1398       1       java.lang.ClassLoader::checkPackageAccess (102 bytes)

GC Heap History (4 events):
Event: 2.302 GC heap before
{Heap before GC invocations=0 (full 0):
 garbage-first heap   total 262144K, used 23552K [0x0000000701000000, 0x0000000800000000)
  region size 1024K, 24 young (24576K), 0 survivors (0K)
 Metaspace       used 8652K, capacity 8867K, committed 8960K, reserved 1056768K
  class space    used 873K, capacity 960K, committed 1024K, reserved 1048576K
}
Event: 2.307 GC heap after
{Heap after GC invocations=1 (full 0):
 garbage-first heap   total 262144K, used 18007K [0x0000000701000000, 0x0000000800000000)
  region size 1024K, 3 young (3072K), 3 survivors (3072K)
 Metaspace       used 8652K, capacity 8867K, committed 8960K, reserved 1056768K
  class space    used 873K, capacity 960K, committed 1024K, reserved 1048576K
}
Event: 2.557 GC heap before
{Heap before GC invocations=1 (full 0):
 garbage-first heap   total 262144K, used 30295K [0x0000000701000000, 0x0000000800000000)
  region size 1024K, 15 young (15360K), 3 survivors (3072K)
 Metaspace       used 13452K, capacity 13785K, committed 13824K, reserved 1060864K
  class space    used 1405K, capacity 1535K, committed 1536K, reserved 1048576K
}
Event: 2.559 GC heap after
{Heap after GC invocations=2 (full 0):
 garbage-first heap   total 262144K, used 19524K [0x0000000701000000, 0x0000000800000000)
  region size 1024K, 2 young (2048K), 2 survivors (2048K)
 Metaspace       used 13452K, capacity 13785K, committed 13824K, reserved 1060864K
  class space    used 1405K, capacity 1535K, committed 1536K, reserved 1048576K
}

Deoptimization events (0 events):
No events

Classes redefined (0 events):
No events

Internal exceptions (10 events):
Event: 2.464 Thread 0x0000019e52f88000 Exception <a 'java/lang/NoSuchMethodError'{0x0000000710ed2410}: java.lang.invoke.DirectMethodHandle$Holder.invokeStatic(Ljava/lang/Object;Ljava/lang/Object;IIII)Ljava/lang/Object;> (0x0000000710ed2410) thrown at [t:/workspace/open/src/hotspot/share/interp
Event: 2.464 Thread 0x0000019e52f88000 Exception <a 'java/lang/NoSuchMethodError'{0x0000000710ed5758}: java.lang.invoke.DirectMethodHandle$Holder.invokeStaticInit(Ljava/lang/Object;Ljava/lang/Object;IIII)Ljava/lang/Object;> (0x0000000710ed5758) thrown at [t:/workspace/open/src/hotspot/share/in
Event: 2.470 Thread 0x0000019e52f88000 Exception <a 'java/lang/ClassNotFoundException'{0x0000000710ef31b8}: javax/management/remote/rmi/RMIServerImpl_Skel> (0x0000000710ef31b8) thrown at [t:/workspace/open/src/hotspot/share/classfile/systemDictionary.cpp, line 231]
Event: 2.489 Thread 0x0000019e52f88000 Exception <a 'java/lang/ClassNotFoundException'{0x0000000710db2f70}: jdk/internal/agent/resources/spi/agentProvider> (0x0000000710db2f70) thrown at [t:/workspace/open/src/hotspot/share/classfile/systemDictionary.cpp, line 231]
Event: 2.492 Thread 0x0000019e52f88000 Exception <a 'java/lang/NoSuchMethodError'{0x0000000710c09478}: java.lang.invoke.DirectMethodHandle$Holder.invokeStatic(Ljava/lang/Object;Ljava/lang/Object;Ljava/lang/Object;Ljava/lang/Object;Ljava/lang/Object;Ljava/lang/Object;Ljava/lang/Object;Ljava/lan
Event: 2.493 Thread 0x0000019e52f88000 Exception <a 'java/lang/NoSuchMethodError'{0x0000000710c15e38}: java.lang.invoke.DirectMethodHandle$Holder.invokeStatic(Ljava/lang/Object;Ljava/lang/Object;Ljava/lang/Object;Ljava/lang/Object;Ljava/lang/Object;Ljava/lang/Object;Ljava/lang/Object;Ljava/lan
Event: 2.520 Thread 0x0000019e52f88000 Exception <a 'java/lang/ClassNotFoundException'{0x00000007109ad4d0}: javax/smartcardio/CardPermission> (0x00000007109ad4d0) thrown at [t:/workspace/open/src/hotspot/share/classfile/systemDictionary.cpp, line 231]
Event: 2.521 Thread 0x0000019e52f88000 Exception <a 'java/io/FileNotFoundException'{0x00000007109bbaa0}> (0x00000007109bbaa0) thrown at [t:/workspace/open/src/hotspot/share/prims/jni.cpp, line 615]
Event: 2.574 Thread 0x0000019e52f88000 Exception <a 'java/lang/NoSuchMethodError'{0x0000000710dcd4a0}: java.lang.invoke.DirectMethodHandle$Holder.invokeSpecialIFC(Ljava/lang/Object;Ljava/lang/Object;Ljava/lang/Object;Ljava/lang/Object;)Ljava/lang/Object;> (0x0000000710dcd4a0) thrown at [t:/wor
Event: 2.581 Thread 0x0000019e52f88000 Exception <a 'java/lang/NoSuchMethodError'{0x0000000710b17cb0}: java.lang.invoke.DirectMethodHandle$Holder.invokeStaticInit(Ljava/lang/Object;Ljava/lang/Object;)I> (0x0000000710b17cb0) thrown at [t:/workspace/open/src/hotspot/share/interpreter/linkResolve

Events (10 events):
Event: 2.597 loading class org/springframework/core/ResolvableType$EmptyType
Event: 2.597 loading class org/springframework/core/ResolvableType$EmptyType done
Event: 2.598 loading class java/io/ObjectInputStream$FilterValues
Event: 2.598 loading class java/io/ObjectInputStream$FilterValues done
Event: 2.598 loading class java/io/ObjectInputStream$Logging
Event: 2.598 loading class java/io/ObjectInputStream$Logging done
Event: 2.598 loading class org/springframework/core/SerializableTypeWrapper
Event: 2.598 loading class org/springframework/core/SerializableTypeWrapper done
Event: 2.598 loading class java/lang/reflect/WildcardType
Event: 2.598 loading class java/lang/reflect/WildcardType done


Dynamic libraries:
0x00007ff6a8bb0000 - 0x00007ff6a8bf5000 	C:\Program Files\jdk-11\bin\javaw.exe
0x00007ff9942f0000 - 0x00007ff9944e7000 	C:\windows\SYSTEM32\ntdll.dll
0x00007ff992480000 - 0x00007ff99253d000 	C:\windows\System32\KERNEL32.DLL
0x00007ff9919d0000 - 0x00007ff991cc6000 	C:\windows\System32\KERNELBASE.dll
0x00007ff993560000 - 0x00007ff9936fe000 	C:\windows\System32\USER32.dll
0x00007ff991e80000 - 0x00007ff991ea2000 	C:\windows\System32\win32u.dll
0x00007ff993440000 - 0x00007ff99346c000 	C:\windows\System32\GDI32.dll
0x00007ff991fd0000 - 0x00007ff9920ea000 	C:\windows\System32\gdi32full.dll
0x00007ff991db0000 - 0x00007ff991e4d000 	C:\windows\System32\msvcp_win.dll
0x00007ff992250000 - 0x00007ff992350000 	C:\windows\System32\ucrtbase.dll
0x00007ff97da10000 - 0x00007ff97dcaa000 	C:\windows\WinSxS\amd64_microsoft.windows.common-controls_6595b64144ccf1df_6.0.19041.3570_none_60bb2a3971f3e41a\COMCTL32.dll
0x00007ff993bb0000 - 0x00007ff993c4e000 	C:\windows\System32\msvcrt.dll
0x00007ff9939b0000 - 0x00007ff9939e0000 	C:\windows\System32\IMM32.DLL
0x00007ff989570000 - 0x00007ff989586000 	C:\Program Files\jdk-11\bin\vcruntime140.dll
0x00007ff9693d0000 - 0x00007ff96947a000 	C:\Program Files\jdk-11\bin\msvcp140.dll
0x00007ff93c9f0000 - 0x00007ff93d531000 	C:\Program Files\jdk-11\bin\server\jvm.dll
0x00007ff9939e0000 - 0x00007ff993a8e000 	C:\windows\System32\ADVAPI32.dll
0x00007ff993c50000 - 0x00007ff993cec000 	C:\windows\System32\sechost.dll
0x00007ff993250000 - 0x00007ff993376000 	C:\windows\System32\RPCRT4.dll
0x00007ff993430000 - 0x00007ff993438000 	C:\windows\System32\PSAPI.DLL
0x00007ff989c30000 - 0x00007ff989c57000 	C:\windows\SYSTEM32\WINMM.dll
0x00007ff98b6e0000 - 0x00007ff98b6ea000 	C:\windows\SYSTEM32\VERSION.dll
0x00007ff97a3f0000 - 0x00007ff97a3f9000 	C:\windows\SYSTEM32\WSOCK32.dll
0x00007ff993470000 - 0x00007ff9934db000 	C:\windows\System32\WS2_32.dll
0x00007ff98f890000 - 0x00007ff98f8a2000 	C:\windows\SYSTEM32\kernel.appcore.dll
0x00007ff988a70000 - 0x00007ff988a81000 	C:\Program Files\jdk-11\bin\verify.dll
0x00007ff985f40000 - 0x00007ff986124000 	C:\windows\SYSTEM32\DBGHELP.DLL
0x00007ff97c3e0000 - 0x00007ff97c414000 	C:\windows\SYSTEM32\dbgcore.DLL
0x00007ff991d20000 - 0x00007ff991da2000 	C:\windows\System32\bcryptPrimitives.dll
0x00007ff97a980000 - 0x00007ff97a9a8000 	C:\Program Files\jdk-11\bin\java.dll
0x00007ff988780000 - 0x00007ff988796000 	C:\Program Files\jdk-11\bin\zip.dll
0x00007ff98d150000 - 0x00007ff98d15a000 	C:\Program Files\jdk-11\bin\jimage.dll
0x00007ff992af0000 - 0x00007ff993234000 	C:\windows\System32\SHELL32.dll
0x00007ff98fa90000 - 0x00007ff99022b000 	C:\windows\SYSTEM32\windows.storage.dll
0x00007ff993d70000 - 0x00007ff9940c4000 	C:\windows\System32\combase.dll
0x00007ff991410000 - 0x00007ff99143d000 	C:\windows\SYSTEM32\Wldp.dll
0x00007ff993380000 - 0x00007ff99342d000 	C:\windows\System32\SHCORE.dll
0x00007ff992a90000 - 0x00007ff992ae5000 	C:\windows\System32\shlwapi.dll
0x00007ff991900000 - 0x00007ff991925000 	C:\windows\SYSTEM32\profapi.dll
0x00007ff9865e0000 - 0x00007ff9865f9000 	C:\Program Files\jdk-11\bin\net.dll
0x00007ff98b2a0000 - 0x00007ff98b3aa000 	C:\windows\SYSTEM32\WINHTTP.dll
0x00007ff991170000 - 0x00007ff9911da000 	C:\windows\system32\mswsock.dll
0x00007ff97c030000 - 0x00007ff97c043000 	C:\Program Files\jdk-11\bin\nio.dll
0x00007ff98f230000 - 0x00007ff98f239000 	C:\Program Files\jdk-11\bin\management.dll
0x00007ff98d670000 - 0x00007ff98d67c000 	C:\Program Files\jdk-11\bin\management_ext.dll
0x00007ff97c4e0000 - 0x00007ff97c4f7000 	C:\windows\system32\napinsp.dll
0x00007ff97c4c0000 - 0x00007ff97c4db000 	C:\windows\system32\pnrpnsp.dll
0x00007ff97c480000 - 0x00007ff97c495000 	C:\windows\system32\wshbth.dll
0x00007ff98d3b0000 - 0x00007ff98d3cd000 	C:\windows\system32\NLAapi.dll
0x00007ff990e10000 - 0x00007ff990e4b000 	C:\windows\SYSTEM32\IPHLPAPI.DLL
0x00007ff990e50000 - 0x00007ff990f1a000 	C:\windows\SYSTEM32\DNSAPI.dll
0x00007ff993240000 - 0x00007ff993248000 	C:\windows\System32\NSI.dll
0x00007ff97c460000 - 0x00007ff97c472000 	C:\windows\System32\winrnr.dll
0x00007ff98b5a0000 - 0x00007ff98b5aa000 	C:\Windows\System32\rasadhlp.dll
0x00007ff989220000 - 0x00007ff9892a2000 	C:\windows\System32\fwpuclnt.dll
0x00007ff991e50000 - 0x00007ff991e77000 	C:\windows\System32\bcrypt.dll
0x00007ff991370000 - 0x00007ff991388000 	C:\windows\SYSTEM32\CRYPTSP.dll
0x00007ff9909b0000 - 0x00007ff9909e4000 	C:\windows\system32\rsaenh.dll
0x00007ff9918c0000 - 0x00007ff9918ee000 	C:\windows\SYSTEM32\USERENV.dll
0x00007ff991360000 - 0x00007ff99136c000 	C:\windows\SYSTEM32\CRYPTBASE.dll
0x00007ff98ba90000 - 0x00007ff98baa7000 	C:\windows\SYSTEM32\dhcpcsvc6.DLL
0x00007ff98ba70000 - 0x00007ff98ba8d000 	C:\windows\SYSTEM32\dhcpcsvc.DLL

dbghelp: loaded successfully - version: 4.0.5 - missing functions: none
symbol engine: initialized successfully - sym options: 0x614 - pdb path: .;C:\Program Files\jdk-11\bin;C:\windows\SYSTEM32;C:\windows\WinSxS\amd64_microsoft.windows.common-controls_6595b64144ccf1df_6.0.19041.3570_none_60bb2a3971f3e41a;C:\Program Files\jdk-11\bin\server

VM Arguments:
jvm_args: -Dcom.sun.management.jmxremote -Dcom.sun.management.jmxremote.port=54972 -Dcom.sun.management.jmxremote.authenticate=false -Dcom.sun.management.jmxremote.ssl=false -Djava.rmi.server.hostname=localhost -Dspring.jmx.enabled=true -Dspring.liveBeansView.mbeanDomain -Dspring.application.admin.enabled=true -Xverify:none -XX:TieredStopAtLevel=1 -Dspring.boot.project.name=Recrip_Backend -Dfile.encoding=UTF-8 
java_command: com.ssafy.recrip.main.EnjoyTripSpringApplication --spring.output.ansi.enabled=always
java_class_path (initial): C:\vue gwantong project\Recrip\Recrip_Backend\target\classes;C:\Users\SSAFY\.m2\repository\com\googlecode\json-simple\json-simple\1.1.1\json-simple-1.1.1.jar;C:\Users\SSAFY\.m2\repository\org\springframework\boot\spring-boot-starter-web\2.7.17\spring-boot-starter-web-2.7.17.jar;C:\Users\SSAFY\.m2\repository\org\springframework\boot\spring-boot-starter\2.7.17\spring-boot-starter-2.7.17.jar;C:\Users\SSAFY\.m2\repository\org\springframework\boot\spring-boot-starter-logging\2.7.17\spring-boot-starter-logging-2.7.17.jar;C:\Users\SSAFY\.m2\repository\org\apache\logging\log4j\log4j-to-slf4j\2.17.2\log4j-to-slf4j-2.17.2.jar;C:\Users\SSAFY\.m2\repository\org\apache\logging\log4j\log4j-api\2.17.2\log4j-api-2.17.2.jar;C:\Users\SSAFY\.m2\repository\org\slf4j\jul-to-slf4j\1.7.36\jul-to-slf4j-1.7.36.jar;C:\Users\SSAFY\.m2\repository\jakarta\annotation\jakarta.annotation-api\1.3.5\jakarta.annotation-api-1.3.5.jar;C:\Users\SSAFY\.m2\repository\org\yaml\snakeyaml\1.30\snakeyaml-1.30.jar;C:\Users\SSAFY\.m2\repository\org\springframework\boot\spring-boot-starter-json\2.7.17\spring-boot-starter-json-2.7.17.jar;C:\Users\SSAFY\.m2\repository\com\fasterxml\jackson\core\jackson-databind\2.13.5\jackson-databind-2.13.5.jar;C:\Users\SSAFY\.m2\repository\com\fasterxml\jackson\core\jackson-annotations\2.13.5\jackson-annotations-2.13.5.jar;C:\Users\SSAFY\.m2\repository\com\fasterxml\jackson\core\jackson-core\2.13.5\jackson-core-2.13.5.jar;C:\Users\SSAFY\.m2\repository\com\fasterxml\jackson\datatype\jackson-datatype-jdk8\2.13.5\jackson-datatype-jdk8-2.13.5.jar;C:\Users\SSAFY\.m2\repository\com\fasterxml\jackson\datatype\jackson-datatype-jsr310\2.13.5\jackson-datatype-jsr310-2.13.5.jar;C:\Users\SSAFY\.m2\repository\com\fasterxml\jackson\module\jackson-module-parameter-names\2.13.5\jackson-module-parameter-names-2.13.5.jar;C:\Users\SSAFY\.m2\repository\org\springframework\boot\spring-boot-starter-tomcat\2.7.17\spring-boot-starter-tomcat-2.7.17.jar;C:\Users\SSAFY\.m2\rep
Launcher Type: SUN_STANDARD

[Global flags]
     bool BytecodeVerificationLocal                = false                                     {product} {command line}
     bool BytecodeVerificationRemote               = false                                     {product} {command line}
     intx CICompilerCount                          = 4                                         {product} {ergonomic}
     uint ConcGCThreads                            = 2                                         {product} {ergonomic}
     uint G1ConcRefinementThreads                  = 8                                         {product} {ergonomic}
   size_t G1HeapRegionSize                         = 1048576                                   {product} {ergonomic}
    uintx GCDrainStackTargetSize                   = 64                                        {product} {ergonomic}
   size_t InitialHeapSize                          = 268435456                                 {product} {ergonomic}
     bool ManagementServer                         = true                                      {product} {command line}
   size_t MarkStackSize                            = 4194304                                   {product} {ergonomic}
   size_t MaxHeapSize                              = 4278190080                                {product} {ergonomic}
   size_t MaxNewSize                               = 2566914048                                {product} {ergonomic}
   size_t MinHeapDeltaBytes                        = 1048576                                   {product} {ergonomic}
    uintx NonNMethodCodeHeapSize                   = 7549744                                {pd product} {ergonomic}
    uintx NonProfiledCodeHeapSize                  = 244108496                              {pd product} {ergonomic}
    uintx ProfiledCodeHeapSize                     = 0                                      {pd product} {ergonomic}
    uintx ReservedCodeCacheSize                    = 251658240                              {pd product} {ergonomic}
     bool SegmentedCodeCache                       = true                                      {product} {ergonomic}
     intx TieredStopAtLevel                        = 1                                         {product} {command line}
     bool UseCompressedClassPointers               = true                                 {lp64_product} {ergonomic}
     bool UseCompressedOops                        = true                                 {lp64_product} {ergonomic}
     bool UseG1GC                                  = true                                      {product} {ergonomic}
     bool UseLargePagesIndividualAllocation        = false                                  {pd product} {ergonomic}

Logging:
Log output configuration:
 #0: stdout all=warning uptime,level,tags
 #1: stderr all=off uptime,level,tags

Environment Variables:
PATH=C:\Program Files\Common Files\Oracle\Java\javapath;C:\windows\system32;C:\windows;C:\windows\System32\Wbem;C:\windows\System32\WindowsPowerShell\v1.0\;C:\windows\System32\OpenSSH\;C:\Program Files\Zulu\zulu-8\bin\;C:\Program Files\Microsoft SQL Server\130\Tools\Binn\;C:\Program Files\Git\cmd;C:\Program Files\Bandizip\;C:\Program Files\nodejs\;C:\Program Files\Amazon\AWSCLIV2\;C:\Ruby32-x64\bin;C:\Program Files\MySQL\MySQL Shell 8.0\bin\;C:\Users\SSAFY\AppData\Local\Microsoft\WindowsApps;D:\ssafyTools\VScode\Microsoft VS Code\bin;C:\Users\SSAFY\AppData\Local\GitHubDesktop\bin;C:\Users\SSAFY\AppData\Roaming\npm
USERNAME=SSAFY
OS=Windows_NT
PROCESSOR_IDENTIFIER=Intel64 Family 6 Model 158 Stepping 13, GenuineIntel



---------------  S Y S T E M  ---------------

OS: Windows 10 , 64 bit Build 19041 (10.0.19041.3570)

CPU:total 8 (initial active 8) (8 cores per cpu, 1 threads per core) family 6 model 158 stepping 13, cmov, cx8, fxsr, mmx, sse, sse2, sse3, ssse3, sse4.1, sse4.2, popcnt, avx, avx2, aes, clmul, erms, rtm, 3dnowpref, lzcnt, tsc, tscinvbit, bmi1, bmi2, adx, fma

Memory: 4k page, system-wide physical 16318M (6898M free)
TotalPageFile size 18750M (AvailPageFile size 3039M)
current process WorkingSet (physical memory assigned to process): 105M, peak: 105M
current process commit charge ("private bytes"): 365M, peak: 365M

vm_info: OpenJDK 64-Bit Server VM (11+28) for windows-amd64 JRE (11+28), built on Aug 23 2018 03:04:58 by "mach5one" with MS VC++ 15.5 (VS2017)

END.
